

Microchip Technology PIC18 LITE Macro Assembler V1.41 build -162212810 
                                                                                               Sun Nov 11 21:28:04 2018

Microchip Technology Omniscient Code Generator v1.41 (Free mode) build 201701250102
     1                           	processor	18F4520
     2                           	fnconf	rparam,??,?,0
     3                           	opt	pw 120
     4                           	opt	lm
     5                           	psect	cinit,global,reloc=2,class=CODE,delta=1
     6                           	psect	bssCOMRAM,global,class=COMRAM,space=1,delta=1,noexec
     7                           	psect	cstackCOMRAM,global,class=COMRAM,space=1,delta=1,noexec
     8                           	psect	text0,global,reloc=2,class=CODE,delta=1
     9                           	psect	text1,global,reloc=2,class=CODE,delta=1
    10                           	psect	intsave_regs,global,class=BIGRAM,space=1,delta=1,noexec
    11                           	psect	rparam,global,class=COMRAM,space=1,delta=1,noexec
    12  0000                     
    13                           ; Version 1.41
    14                           ; Generated 25/01/2017 GMT
    15                           ; 
    16                           ; Copyright © 2017, Microchip Technology Inc. and its subsidiaries ("Microchip")
    17                           ; All rights reserved.
    18                           ; 
    19                           ; This software is developed by Microchip Technology Inc. and its subsidiaries ("Microch
      +                          ip").
    20                           ; 
    21                           ; Redistribution and use in source and binary forms, with or without modification, are
    22                           ; permitted provided that the following conditions are met:
    23                           ; 
    24                           ;     1. Redistributions of source code must retain the above copyright notice, this lis
      +                          t of
    25                           ;        conditions and the following disclaimer.
    26                           ; 
    27                           ;     2. Redistributions in binary form must reproduce the above copyright notice, this 
      +                          list
    28                           ;        of conditions and the following disclaimer in the documentation and/or other
    29                           ;        materials provided with the distribution.
    30                           ; 
    31                           ;     3. Microchip's name may not be used to endorse or promote products derived from th
      +                          is
    32                           ;        software without specific prior written permission.
    33                           ; 
    34                           ; THIS SOFTWARE IS PROVIDED BY MICROCHIP "AS IS" AND ANY EXPRESS OR IMPLIED WARRANTIES,
    35                           ; INCLUDING, BUT NOT LIMITED TO, THE IMPLIED WARRANTIES OF MERCHANTABILITY AND FITNESS F
      +                          OR
    36                           ; PURPOSE ARE DISCLAIMED.  IN NO EVENT SHALL MICROCHIP BE LIABLE FOR ANY DIRECT, INDIREC
      +                          T,
    37                           ; INCIDENTAL, SPECIAL, EXEMPLARY, OR CONSEQUENTIAL DAMAGES (INCLUDING BUT NOT LIMITED TO
    38                           ; PROCUREMENT OF SUBSTITUTE GOODS OR SERVICES; LOSS OF USE, DATA OR PROFITS; OR BUSINESS
    39                           ; INTERRUPTION) HOWSOEVER CAUSED AND ON ANY THEORY OF LIABILITY, WHETHER IN CONTRACT, ST
      +                          RICT
    40                           ; LIABILITY, OR TORT (INCLUDING NEGLIGENCE OR OTHERWISE) ARISING IN ANY WAY OUT OF THE U
      +                          SE OF
    41                           ; THIS SOFTWARE, EVEN IF ADVISED OF THE POSSIBILITY OF SUCH DAMAGE.
    42                           ; 
    43                           ; 
    44                           ; Code-generator required, PIC18F4520 Definitions
    45                           ; 
    46                           ; SFR Addresses
    47  0000                     _PR2	set	4043
    48  0000                     _T2CONbits	set	4042
    49  0000                     _TRISCbits	set	3988
    50  0000                     _LATB	set	3978
    51  0000                     _TRISB	set	3987
    52  0000                     _OSCCONbits	set	4051
    53  0000                     _CCPR2L	set	4027
    54  0000                     _CCP2CONbits	set	4026
    55                           
    56                           ; #config settings
    57  0000                     
    58                           	psect	cinit
    59  007F30                     __pcinit:
    60                           	opt stack 0
    61  007F30                     start_initialization:
    62                           	opt stack 0
    63  007F30                     __initialization:
    64                           	opt stack 0
    65                           
    66                           ; Clear objects allocated to COMRAM (4 bytes)
    67  007F30  6A09               	clrf	(__pbssCOMRAM+3)& (0+255),c
    68  007F32  6A08               	clrf	(__pbssCOMRAM+2)& (0+255),c
    69  007F34  6A07               	clrf	(__pbssCOMRAM+1)& (0+255),c
    70  007F36  6A06               	clrf	__pbssCOMRAM& (0+255),c
    71  007F38                     end_of_initialization:
    72                           	opt stack 0
    73  007F38                     __end_of__initialization:
    74                           	opt stack 0
    75  007F38  0100               	movlb	0
    76  007F3A  EFB6  F03F         	goto	_main	;jump to C main() function
    77                           
    78                           	psect	bssCOMRAM
    79  000006                     __pbssCOMRAM:
    80                           	opt stack 0
    81  000006                     _pwm_mode:
    82                           	opt stack 0
    83  000006                     	ds	2
    84  000008                     _pwm_count:
    85                           	opt stack 0
    86  000008                     	ds	2
    87                           
    88                           	psect	cstackCOMRAM
    89  000001                     __pcstackCOMRAM:
    90                           	opt stack 0
    91  000001                     pwm_set@duty:
    92                           	opt stack 0
    93                           
    94                           ; 2 bytes @ 0x0
    95  000001                     	ds	2
    96  000003                     ??_pwm_set:
    97                           
    98                           ; 1 bytes @ 0x2
    99  000003                     	ds	2
   100  000005                     ??_main:
   101                           
   102                           ; 1 bytes @ 0x4
   103  000005                     	ds	1
   104                           
   105 ;;
   106 ;;Main: autosize = 0, tempsize = 1, incstack = 0, save=0
   107 ;;
   108 ;; *************** function _main *****************
   109 ;; Defined at:
   110 ;;		line 17 in file "main.c"
   111 ;; Parameters:    Size  Location     Type
   112 ;;		None
   113 ;; Auto vars:     Size  Location     Type
   114 ;;		None
   115 ;; Return value:  Size  Location     Type
   116 ;;                  1    wreg      void 
   117 ;; Registers used:
   118 ;;		wreg, status,2, status,0, cstack
   119 ;; Tracked objects:
   120 ;;		On entry : 0/0
   121 ;;		On exit  : 0/0
   122 ;;		Unchanged: 0/0
   123 ;; Data sizes:     COMRAM   BANK0   BANK1   BANK2   BANK3   BANK4   BANK5
   124 ;;      Params:         0       0       0       0       0       0       0
   125 ;;      Locals:         0       0       0       0       0       0       0
   126 ;;      Temps:          1       0       0       0       0       0       0
   127 ;;      Totals:         1       0       0       0       0       0       0
   128 ;;Total ram usage:        1 bytes
   129 ;; Hardware stack levels required when called:    1
   130 ;; This function calls:
   131 ;;		_pwm_set
   132 ;; This function is called by:
   133 ;;		Startup code after reset
   134 ;; This function uses a non-reentrant model
   135 ;;
   136                           
   137                           	psect	text0
   138  007F6C                     __ptext0:
   139                           	opt stack 0
   140  007F6C                     _main:
   141                           	opt stack 30
   142                           
   143                           ;main.c: 18: OSCCONbits.IRCF = 0x07;
   144                           
   145                           ;incstack = 0
   146  007F6C  88D3               	bsf	4051,4,c	;volatile
   147  007F6E  8AD3               	bsf	4051,5,c	;volatile
   148  007F70  8CD3               	bsf	4051,6,c	;volatile
   149                           
   150                           ;main.c: 19: OSCCONbits.SCS = 0x03;
   151  007F72  0E03               	movlw	3
   152  007F74  12D3               	iorwf	4051,f,c	;volatile
   153  007F76                     l28:
   154  007F76  A4D3               	btfss	4051,2,c	;volatile
   155  007F78  D7FE               	goto	l28
   156                           
   157                           ;main.c: 22: TRISB=0;
   158  007F7A  0E00               	movlw	0
   159  007F7C  6E93               	movwf	3987,c	;volatile
   160                           
   161                           ;main.c: 23: LATB=0xFF;
   162  007F7E  688A               	setf	3978,c	;volatile
   163                           
   164                           ;main.c: 25: TRISCbits.RC1 = 0;
   165  007F80  9294               	bcf	3988,1,c	;volatile
   166                           
   167                           ;main.c: 27: T2CONbits.T2OUTPS=0;
   168  007F82  96CA               	bcf	4042,3,c	;volatile
   169  007F84  98CA               	bcf	4042,4,c	;volatile
   170  007F86  9ACA               	bcf	4042,5,c	;volatile
   171  007F88  9CCA               	bcf	4042,6,c	;volatile
   172                           
   173                           ;main.c: 28: T2CONbits.T2CKPS = 0;
   174  007F8A  0EFC               	movlw	-4
   175  007F8C  16CA               	andwf	4042,f,c	;volatile
   176                           
   177                           ;main.c: 30: PR2=19;
   178  007F8E  0E13               	movlw	19
   179  007F90  6ECB               	movwf	4043,c	;volatile
   180                           
   181                           ;main.c: 31: CCP2CONbits.DC2B = 0;
   182  007F92  0ECF               	movlw	-49
   183  007F94  16BA               	andwf	4026,f,c	;volatile
   184                           
   185                           ;main.c: 32: CCP2CONbits.CCP2M=0x0C;
   186  007F96  50BA               	movf	4026,w,c	;volatile
   187  007F98  0BF0               	andlw	-16
   188  007F9A  090C               	iorlw	12
   189  007F9C  6EBA               	movwf	4026,c	;volatile
   190                           
   191                           ;main.c: 33: CCPR2L = 0;
   192  007F9E  0E00               	movlw	0
   193  007FA0  6EBB               	movwf	4027,c	;volatile
   194                           
   195                           ;main.c: 35: T2CONbits.TMR2ON = 1;
   196  007FA2  84CA               	bsf	4042,2,c	;volatile
   197  007FA4                     l686:
   198                           
   199                           ;main.c: 39: if(pwm_mode == 1){
   200  007FA4  0406               	decf	_pwm_mode,w,c
   201  007FA6  1007               	iorwf	_pwm_mode+1,w,c
   202  007FA8  A4D8               	btfss	status,2,c
   203  007FAA  D003               	goto	l690
   204                           
   205                           ;main.c: 40: pwm_count--;
   206  007FAC  0608               	decf	_pwm_count,f,c
   207  007FAE  A0D8               	btfss	status,0,c
   208  007FB0  0609               	decf	_pwm_count+1,f,c
   209  007FB2                     l690:
   210                           
   211                           ;main.c: 41: }
   212                           ;main.c: 42: pwm_set(pwm_count);
   213  007FB2  C008  F001         	movff	_pwm_count,pwm_set@duty
   214  007FB6  C009  F002         	movff	_pwm_count+1,pwm_set@duty+1
   215  007FBA  EC9F  F03F         	call	_pwm_set	;wreg free
   216                           
   217                           ;main.c: 43: if(pwm_mode == 0){
   218  007FBE  5006               	movf	_pwm_mode,w,c
   219  007FC0  1007               	iorwf	_pwm_mode+1,w,c
   220  007FC2  A4D8               	btfss	status,2,c
   221  007FC4  D002               	goto	l696
   222                           
   223                           ;main.c: 44: pwm_count++;
   224  007FC6  4A08               	infsnz	_pwm_count,f,c
   225  007FC8  2A09               	incf	_pwm_count+1,f,c
   226  007FCA                     l696:
   227                           
   228                           ;main.c: 45: }
   229                           ;main.c: 46: _delay((unsigned long)((25)*(8000000/4000.0)));
   230  007FCA  0E41               	movlw	65
   231  007FCC  6E05               	movwf	??_main& (0+255),c
   232  007FCE  0EEE               	movlw	238
   233  007FD0                     u117:
   234  007FD0  2EE8               	decfsz	wreg,f,c
   235  007FD2  D7FE               	bra	u117
   236  007FD4  2E05               	decfsz	??_main& (0+255),f,c
   237  007FD6  D7FC               	bra	u117
   238  007FD8  D000               	nop2	
   239                           
   240                           ;main.c: 47: if(pwm_count >= 0x004F){
   241  007FDA  5009               	movf	_pwm_count+1,w,c
   242  007FDC  E104               	bnz	u90
   243  007FDE  0E4F               	movlw	79
   244  007FE0  5C08               	subwf	_pwm_count,w,c
   245  007FE2  A0D8               	btfss	status,0,c
   246  007FE4  D004               	goto	l700
   247  007FE6                     u90:
   248                           
   249                           ;main.c: 48: pwm_mode = 1;
   250  007FE6  0E00               	movlw	0
   251  007FE8  6E07               	movwf	_pwm_mode+1,c
   252  007FEA  0E01               	movlw	1
   253  007FEC  6E06               	movwf	_pwm_mode,c
   254  007FEE                     l700:
   255                           
   256                           ;main.c: 49: }
   257                           ;main.c: 50: if(pwm_count == 0){
   258  007FEE  5008               	movf	_pwm_count,w,c
   259  007FF0  1009               	iorwf	_pwm_count+1,w,c
   260  007FF2  A4D8               	btfss	status,2,c
   261  007FF4  D7D7               	goto	l686
   262                           
   263                           ;main.c: 51: pwm_mode = 0;
   264  007FF6  0E00               	movlw	0
   265  007FF8  6E07               	movwf	_pwm_mode+1,c
   266  007FFA  0E00               	movlw	0
   267  007FFC  6E06               	movwf	_pwm_mode,c
   268  007FFE  D7D2               	goto	l686
   269  008000                     __end_of_main:
   270                           	opt stack 0
   271                           wreg	equ	0xFE8
   272                           status	equ	0xFD8
   273                           
   274 ;; *************** function _pwm_set *****************
   275 ;; Defined at:
   276 ;;		line 12 in file "main.c"
   277 ;; Parameters:    Size  Location     Type
   278 ;;  duty            2    0[COMRAM] unsigned int 
   279 ;; Auto vars:     Size  Location     Type
   280 ;;		None
   281 ;; Return value:  Size  Location     Type
   282 ;;                  1    wreg      void 
   283 ;; Registers used:
   284 ;;		wreg, status,2, status,0
   285 ;; Tracked objects:
   286 ;;		On entry : 0/0
   287 ;;		On exit  : 0/0
   288 ;;		Unchanged: 0/0
   289 ;; Data sizes:     COMRAM   BANK0   BANK1   BANK2   BANK3   BANK4   BANK5
   290 ;;      Params:         2       0       0       0       0       0       0
   291 ;;      Locals:         0       0       0       0       0       0       0
   292 ;;      Temps:          2       0       0       0       0       0       0
   293 ;;      Totals:         4       0       0       0       0       0       0
   294 ;;Total ram usage:        4 bytes
   295 ;; Hardware stack levels used:    1
   296 ;; This function calls:
   297 ;;		Nothing
   298 ;; This function is called by:
   299 ;;		_main
   300 ;; This function uses a non-reentrant model
   301 ;;
   302                           
   303                           	psect	text1
   304  007F3E                     __ptext1:
   305                           	opt stack 0
   306  007F3E                     _pwm_set:
   307                           	opt stack 30
   308                           
   309                           ;main.c: 13: CCP2CONbits.DC2B = (duty & 0x0003);
   310                           
   311                           ;incstack = 0
   312  007F3E  C001  F003         	movff	pwm_set@duty,??_pwm_set
   313  007F42  0E03               	movlw	3
   314  007F44  1603               	andwf	??_pwm_set,f,c
   315  007F46  3A03               	swapf	??_pwm_set,f,c
   316  007F48  50BA               	movf	4026,w,c	;volatile
   317  007F4A  1803               	xorwf	??_pwm_set,w,c
   318  007F4C  0BCF               	andlw	-49
   319  007F4E  1803               	xorwf	??_pwm_set,w,c
   320  007F50  6EBA               	movwf	4026,c	;volatile
   321                           
   322                           ;main.c: 14: CCPR2L = (duty >> 2);
   323  007F52  C001  F003         	movff	pwm_set@duty,??_pwm_set
   324  007F56  C002  F004         	movff	pwm_set@duty+1,??_pwm_set+1
   325  007F5A  90D8               	bcf	status,0,c
   326  007F5C  3204               	rrcf	??_pwm_set+1,f,c
   327  007F5E  3203               	rrcf	??_pwm_set,f,c
   328  007F60  90D8               	bcf	status,0,c
   329  007F62  3204               	rrcf	??_pwm_set+1,f,c
   330  007F64  3203               	rrcf	??_pwm_set,f,c
   331  007F66  5003               	movf	??_pwm_set,w,c
   332  007F68  6EBB               	movwf	4027,c	;volatile
   333  007F6A  0012               	return		;funcret
   334  007F6C                     __end_of_pwm_set:
   335                           	opt stack 0
   336  0000                     wreg	equ	0xFE8
   337                           status	equ	0xFD8
   338                           wreg	equ	0xFE8
   339                           status	equ	0xFD8
   340                           
   341                           	psect	rparam
   342  0000                     wreg	equ	0xFE8
   343                           status	equ	0xFD8


Data Sizes:
    Strings     0
    Constant    0
    Data        0
    BSS         4
    Persistent  0
    Stack       0

Auto Spaces:
    Space          Size  Autos    Used
    COMRAM          127      5       9
    BANK0           128      0       0
    BANK1           256      0       0
    BANK2           256      0       0
    BANK3           256      0       0
    BANK4           256      0       0
    BANK5           256      0       0

Pointer List with Targets:

    None.

Critical Paths under _main in COMRAM

    _main->_pwm_set

Critical Paths under _main in BANK0

    None.

Critical Paths under _main in BANK1

    None.

Critical Paths under _main in BANK2

    None.

Critical Paths under _main in BANK3

    None.

Critical Paths under _main in BANK4

    None.

Critical Paths under _main in BANK5

    None.

Call Graph Tables:

 ---------------------------------------------------------------------------------
 (Depth) Function   	        Calls       Base Space   Used Autos Params    Refs
 ---------------------------------------------------------------------------------
 (0) _main                                                 1     1      0      87
                                              4 COMRAM     1     1      0
                            _pwm_set
 ---------------------------------------------------------------------------------
 (1) _pwm_set                                              4     2      2      87
                                              0 COMRAM     4     2      2
 ---------------------------------------------------------------------------------
 Estimated maximum stack depth 1
 ---------------------------------------------------------------------------------

 Call Graph Graphs:

 _main (ROOT)
   _pwm_set

 Address spaces:
Name               Size   Autos  Total    Cost      Usage
BIGRAM             5FF      0       0      17        0.0%
EEDATA             100      0       0       0        0.0%
BITBANK5           100      0       0      16        0.0%
BANK5              100      0       0      14        0.0%
BITBANK4           100      0       0      12        0.0%
BANK4              100      0       0      13        0.0%
BITBANK3           100      0       0      10        0.0%
BANK3              100      0       0      11        0.0%
BITBANK2           100      0       0       8        0.0%
BANK2              100      0       0       9        0.0%
BITBANK1           100      0       0       6        0.0%
BANK1              100      0       0       7        0.0%
BITBANK0            80      0       0       4        0.0%
BANK0               80      0       0       5        0.0%
BITCOMRAM           7F      0       0       0        0.0%
COMRAM              7F      5       9       1        7.1%
BITSFR               0      0       0     200        0.0%
SFR                  0      0       0     200        0.0%
STACK                0      0       0       2        0.0%
NULL                 0      0       0       0        0.0%
ABS                  0      0       9      15        0.0%
DATA                 0      0       9       3        0.0%
CODE                 0      0       0       0        0.0%


Microchip Technology PIC18 Macro Assembler V1.41 build -162212810 
Symbol Table                                                                                   Sun Nov 11 21:28:04 2018

                     l28 7F76                       u90 7FE6              __CFG_BORV$3 000000  
           __CFG_CP0$OFF 000000             __CFG_CP1$OFF 000000             __CFG_CP2$OFF 000000  
           __CFG_CP3$OFF 000000                      l700 7FEE                      l690 7FB2  
                    l686 7FA4                      l696 7FCA             __CFG_CPB$OFF 000000  
                    u117 7FD0                      _PR2 000FCB             __CFG_CPD$OFF 000000  
                    wreg 000FE8             __CFG_LVP$OFF 000000             __CFG_WDT$OFF 000000  
                   _LATB 000F8A                     _main 7F6C                     start 0000  
          __CFG_IESO$OFF 000000            __CFG_MCLRE$ON 000000             ___param_bank 000000  
                  ?_main 0001                    _TRISB 000F93            __CFG_PWRT$OFF 000000  
          __CFG_WRT0$OFF 000000            __CFG_WRT1$OFF 000000            __CFG_WRT2$OFF 000000  
          __CFG_WRT3$OFF 000000           __CFG_EBTR0$OFF 000000           __CFG_FCMEN$OFF 000000  
         __CFG_EBTR1$OFF 000000           __CFG_EBTR2$OFF 000000           __CFG_EBTR3$OFF 000000  
          __CFG_WRTB$OFF 000000            __CFG_WRTC$OFF 000000            __CFG_WRTD$OFF 000000  
         __CFG_EBTRB$OFF 000000           __CFG_BOREN$OFF 000000          __end_of_pwm_set 7F6C  
                  status 000FD8          __initialization 7F30             __end_of_main 8000  
                 ??_main 0005            __activetblptr 000000                   _CCPR2L 000FBB  
         __CFG_XINST$OFF 000000           __CFG_STVREN$ON 000000                ??_pwm_set 0003  
             __accesstop 0080  __end_of__initialization 7F38          __CFG_PBADEN$OFF 000000  
          ___rparam_used 000001           __pcstackCOMRAM 0001                  __Hparam 0000  
                __Lparam 0000                  __pcinit 7F30                  __ramtop 0600  
                __ptext0 7F6C                  __ptext1 7F3E                _T2CONbits 000FCA  
                _pwm_set 7F3E     end_of_initialization 7F38                _TRISCbits 000F94  
            _CCP2CONbits 000FBA      start_initialization 7F30              pwm_set@duty 0001  
       __CFG_OSC$INTIO67 000000         __CFG_LPT1OSC$OFF 000000              __pbssCOMRAM 0006  
      __CFG_CCP2MX$PORTC 000000                 ?_pwm_set 0001         __CFG_WDTPS$32768 000000  
              _pwm_count 0008                 __Hrparam 0000                 __Lrparam 0000  
       __size_of_pwm_set 002E            __size_of_main 0094                 _pwm_mode 0006  
             _OSCCONbits 000FD3  
